17:37:56.388 [main] INFO  liquibase - Successfully acquired change log lock
17:37:56.744 [main] INFO  liquibase - Reading from databasechangelog
17:37:57.983 [main] INFO  liquibase - Reading from databasechangelog
17:40:18.246 [main] INFO  liquibase - Continuing past: ru/kirkazan/esadykov/investigation/liquibase20/liquibase-2.0-postgres-check-show.xml::fk_by_name::ser::(Checksum: 3:38ada98251a1a83caab6cb56ddfe550d) despite precondition failure due to onFail='CONTINUE': 
          ru/kirkazan/esadykov/investigation/liquibase20/liquibase-2.0-postgres-check-show.xml : Foreign Key not_exist does not exist

+ 2 min 21 sec fk_by_name

17:42:37.558 [main] INFO  liquibase - Continuing past: ru/kirkazan/esadykov/investigation/liquibase20/liquibase-2.0-postgres-check-show.xml::index_by_name::ser::(Checksum: 3:38ada98251a1a83caab6cb56ddfe550d) despite precondition failure due to onFail='CONTINUE': 
          ru/kirkazan/esadykov/investigation/liquibase20/liquibase-2.0-postgres-check-show.xml : Index not_exist does not exist

+ 2 min 19 sec index_by_name

17:44:55.687 [main] INFO  liquibase - Continuing past: ru/kirkazan/esadykov/investigation/liquibase20/liquibase-2.0-postgres-check-show.xml::index_by_name_and_table::ser::(Checksum: 3:38ada98251a1a83caab6cb56ddfe550d) despite precondition failure due to onFail='CONTINUE': 
          ru/kirkazan/esadykov/investigation/liquibase20/liquibase-2.0-postgres-check-show.xml : Index not_exist on not_exist does not exist

+ 2 min 18 sec index_by_name_and_table

17:47:12.430 [main] INFO  liquibase - Continuing past: ru/kirkazan/esadykov/investigation/liquibase20/liquibase-2.0-postgres-check-show.xml::pk_by_name::ser::(Checksum: 3:38ada98251a1a83caab6cb56ddfe550d) despite precondition failure due to onFail='CONTINUE':
          ru/kirkazan/esadykov/investigation/liquibase20/liquibase-2.0-postgres-check-show.xml : Primary Key not_exist does not exist

+ 2 min 17 sec pk_by_name

17:49:31.581 [main] INFO  liquibase - Continuing past: ru/kirkazan/esadykov/investigation/liquibase20/liquibase-2.0-postgres-check-show.xml::pk_by_name_and_table::ser::(Checksum: 3:38ada98251a1a83caab6cb56ddfe550d) despite precondition failure due to onFail='CONTINUE': 
          ru/kirkazan/esadykov/investigation/liquibase20/liquibase-2.0-postgres-check-show.xml : Primary Key does not exist on not_exist

+ 2 min 19 sec pk_by_name_and_table

17:51:49.402 [main] INFO  liquibase - Continuing past: ru/kirkazan/esadykov/investigation/liquibase20/liquibase-2.0-postgres-check-show.xml::seq_by_name::ser::(Checksum: 3:38ada98251a1a83caab6cb56ddfe550d) despite precondition failure due to onFail='CONTINUE': 
          ru/kirkazan/esadykov/investigation/liquibase20/liquibase-2.0-postgres-check-show.xml : Sequence not_exist does not exist

+ 2 min 19 sec seq_by_name

17:51:49.458 [main] INFO  liquibase - Successfully released change log lock
