17:53:49.381 [main] INFO  liquibase - Successfully acquired change log lock
17:53:50.472 [main] INFO  liquibase - Reading from public.databasechangelog
17:53:52.090 [main] INFO  liquibase - Reading from public.databasechangelog
17:53:53.183 [main] INFO  liquibase - Reading from public.databasechangelog

17:53:54.143 [main] INFO  liquibase - ru/kirkazan/esadykov/investigation/liquibase31/liquibase-3.1-postgres-check-show.xml: fk_by_name::ser: Reading from public.databasechangelog
17:54:47.325 [main] INFO  liquibase - ru/kirkazan/esadykov/investigation/liquibase31/liquibase-3.1-postgres-check-show.xml: fk_by_name::ser: Continuing past: ru/kirkazan/esadykov/investigation/liquibase31/liquibase-3.1-postgres-check-show.xml::fk_by_name::ser despite precondition failure due to onFail='CONTINUE': 
          ru/kirkazan/esadykov/investigation/liquibase31/liquibase-3.1-postgres-check-show.xml : Foreign Key public.not_exist does not exist

17:54:47.344 [main] INFO  liquibase - ru/kirkazan/esadykov/investigation/liquibase31/liquibase-3.1-postgres-check-show.xml: fk_by_name::ser: Reading from public.databasechangelog

+ 53 sec fk_by_name

17:54:48.293 [main] INFO  liquibase - ru/kirkazan/esadykov/investigation/liquibase31/liquibase-3.1-postgres-check-show.xml: index_by_name::ser: Reading from public.databasechangelog
17:57:21.485 [main] INFO  liquibase - ru/kirkazan/esadykov/investigation/liquibase31/liquibase-3.1-postgres-check-show.xml: index_by_name::ser: Continuing past: ru/kirkazan/esadykov/investigation/liquibase31/liquibase-3.1-postgres-check-show.xml::index_by_name::ser despite precondition failure due to onFail='CONTINUE': 
          ru/kirkazan/esadykov/investigation/liquibase31/liquibase-3.1-postgres-check-show.xml : Index not_exist does not exist

17:57:21.503 [main] INFO  liquibase - ru/kirkazan/esadykov/investigation/liquibase31/liquibase-3.1-postgres-check-show.xml: index_by_name::ser: Reading from public.databasechangelog

+ 2 min 33 sec index_by_name

17:57:22.647 [main] INFO  liquibase - ru/kirkazan/esadykov/investigation/liquibase31/liquibase-3.1-postgres-check-show.xml: index_by_name_and_table::ser: Reading from public.databasechangelog
17:58:53.624 [main] INFO  liquibase - ru/kirkazan/esadykov/investigation/liquibase31/liquibase-3.1-postgres-check-show.xml: index_by_name_and_table::ser: Continuing past: ru/kirkazan/esadykov/investigation/liquibase31/liquibase-3.1-postgres-check-show.xml::index_by_name_and_table::ser despite precondition failure due to onFail='CONTINUE': 
          ru/kirkazan/esadykov/investigation/liquibase31/liquibase-3.1-postgres-check-show.xml : Index not_exist on not_exist does not exist

17:58:53.636 [main] INFO  liquibase - ru/kirkazan/esadykov/investigation/liquibase31/liquibase-3.1-postgres-check-show.xml: index_by_name_and_table::ser: Reading from public.databasechangelog

+ 1 min 31 sec index_by_name_and_table

17:58:55.197 [main] INFO  liquibase - ru/kirkazan/esadykov/investigation/liquibase31/liquibase-3.1-postgres-check-show.xml: pk_by_name::ser: Reading from public.databasechangelog
17:59:29.898 [main] INFO  liquibase - ru/kirkazan/esadykov/investigation/liquibase31/liquibase-3.1-postgres-check-show.xml: pk_by_name::ser: Continuing past: ru/kirkazan/esadykov/investigation/liquibase31/liquibase-3.1-postgres-check-show.xml::pk_by_name::ser despite precondition failure due to onFail='CONTINUE': 
          ru/kirkazan/esadykov/investigation/liquibase31/liquibase-3.1-postgres-check-show.xml : Primary Key not_exist does not exist

17:59:29.948 [main] INFO  liquibase - ru/kirkazan/esadykov/investigation/liquibase31/liquibase-3.1-postgres-check-show.xml: pk_by_name::ser: Reading from public.databasechangelog

+ 34 sec pk_by_name

17:59:31.189 [main] INFO  liquibase - ru/kirkazan/esadykov/investigation/liquibase31/liquibase-3.1-postgres-check-show.xml: pk_by_name_and_table::ser: Reading from public.databasechangelog
18:00:02.040 [main] INFO  liquibase - ru/kirkazan/esadykov/investigation/liquibase31/liquibase-3.1-postgres-check-show.xml: pk_by_name_and_table::ser: Continuing past: ru/kirkazan/esadykov/investigation/liquibase31/liquibase-3.1-postgres-check-show.xml::pk_by_name_and_table::ser despite precondition failure due to onFail='CONTINUE': 
          ru/kirkazan/esadykov/investigation/liquibase31/liquibase-3.1-postgres-check-show.xml : Primary Key does not exist on not_exist

18:00:02.060 [main] INFO  liquibase - ru/kirkazan/esadykov/investigation/liquibase31/liquibase-3.1-postgres-check-show.xml: pk_by_name_and_table::ser: Reading from public.databasechangelog

+ 33 sec pk_by_name_and_table

18:00:03.012 [main] INFO  liquibase - ru/kirkazan/esadykov/investigation/liquibase31/liquibase-3.1-postgres-check-show.xml: seq_by_name::ser: Reading from public.databasechangelog
18:00:12.069 [main] INFO  liquibase - ru/kirkazan/esadykov/investigation/liquibase31/liquibase-3.1-postgres-check-show.xml: seq_by_name::ser: Continuing past: ru/kirkazan/esadykov/investigation/liquibase31/liquibase-3.1-postgres-check-show.xml::seq_by_name::ser despite precondition failure due to onFail='CONTINUE': 
          ru/kirkazan/esadykov/investigation/liquibase31/liquibase-3.1-postgres-check-show.xml : Sequence public.not_exist does not exist

18:00:12.081 [main] INFO  liquibase - ru/kirkazan/esadykov/investigation/liquibase31/liquibase-3.1-postgres-check-show.xml: seq_by_name::ser: Reading from public.databasechangelog

+ 9 sec seq_by_name

18:00:13.014 [main] INFO  liquibase - Successfully released change log lock
